There is 95.203 Mb in use.
Unexpected end of the definition of parameter "N".
The symbol "Ceil" is not expected.
The symbol "Ceil" is not expected.
Unexpected end of the definition of parameter "N".
Unexpected end of the definition of parameter "N".
Unexpected end of the definition of parameter "N".
Unexpected end of the definition of parameter "N".
Unexpected end of the definition of parameter "N".
Unexpected end of the definition of parameter "N".
Unexpected end of the definition of parameter "N".
Unexpected end of the definition of parameter "N".
Unexpected end of the definition of parameter "N".
The symbol "*" is not expected.
The parameter "N" is not an index.
The parameter "N" with dimension zero cannot be used as an index.
The empty set "AllConstraints" cannot be used to define the collection of constraints in a mathematical program.
The mandatory attribute "definition" is missing from constraint "test_constraint".
The declared constraint "test_constraint" has not been defined.
The mandatory attribute "definition" is missing from constraint "test_constraint".
The declared constraint "test_constraint" has not been defined.
The mandatory attribute "definition" is missing from constraint "test_constraint".
The declared constraint "test_constraint" has not been defined.
The empty set "AllVariables" cannot be used to select the variables in a mathematical program.
The LS mathematical program "test_prog" does not contain any elements.
The  mathematical program "test_prog" does not contain any elements.
The parameter "N" is not an index.
The parameter "N" with dimension zero cannot be used as an index.
The parameter "N" is not an index.
The parameter "N" with dimension zero cannot be used as an index.
The parameter "N" is not an index.
The parameter "N" with dimension zero cannot be used as an index.
The parameter "test" cannot be defined by an expression of data type set.
The identifier "test_prog" has not been declared.
The parameter "N" is not an index.
The parameter "N" with dimension zero cannot be used as an index.
The parameter "N" is not an index.
The parameter "N" with dimension zero cannot be used as an index.
The parameter "N" is not an index.
The parameter "N" with dimension zero cannot be used as an index.
The parameter "N" is not an index.
The parameter "N" with dimension zero cannot be used as an index.
The parameter "N" is not an index.
The parameter "N" with dimension zero cannot be used as an index.
The parameter "N" is not an index.
The parameter "N" with dimension zero cannot be used as an index.
The parameter "N" is not an index.
The parameter "N" with dimension zero cannot be used as an index.
The parameter "N" is not an index.
The parameter "N" with dimension zero cannot be used as an index.
The parameter "N" is not an index.
The parameter "N" with dimension zero cannot be used as an index.
',' is expected.
The parameter "test" cannot be defined by an expression of data type set.
The parameter "test" cannot be defined by an expression of data type set.
The identifier "test_prog" has not been declared.
The identifier "test_prog" has not been declared.
The parameter "N" is not an index.
The parameter "N" with dimension zero cannot be used as an index.
The set "n" has already been declared as a index. 
Please use another name.
The set "Nasd" is not an index.
The set "Nasd" is used as a running index.
The mandatory attribute "subset of" of set "deki_2_etap" has not been specified.
The mandatory attribute "subset of" of set "deki_2_etap" has not been specified.
The mandatory attribute "subset of" of set "deki_2_etap" has not been specified.
The index "g" already has a scope.
The undeclared "" is not an index.
The index "n" does not denote a subset of the set "deski_2_etap".
The index "n" does not denote a subset of the set "deski_2_etap".
Warning: The columns "y(01,1,G3,S4)" and "y(10,3,G3,S4)" are equal in the generated mathematical program "find_max_przychod".
This may lead to non-unique solutions. 
For more information regarding potential causes and consequences, see the help associated with the option "Warning_duplicate_column".
Warning at line 1 in user-defined function section "MainExecution":
The columns "y(01,1,G3,S4)" and "y(10,3,G3,S4)" are equal in the generated mathematical program "find_max_przychod".
This may lead to non-unique solutions. 
For more information regarding potential causes and consequences, see the help associated with the option "Warning_duplicate_column".
Warning: The columns "y(01,1,G3,S4)" and "y(19,4,G3,S4)" are equal in the generated mathematical program "find_max_przychod".
This may lead to non-unique solutions. 
For more information regarding potential causes and consequences, see the help associated with the option "Warning_duplicate_column".
Warning at line 1 in user-defined function section "MainExecution":
The columns "y(01,1,G3,S4)" and "y(19,4,G3,S4)" are equal in the generated mathematical program "find_max_przychod".
This may lead to non-unique solutions. 
For more information regarding potential causes and consequences, see the help associated with the option "Warning_duplicate_column".
Warning: The columns "y(01,2,G3,S4)" and "y(19,4,G3,S4)" are equal in the generated mathematical program "find_max_przychod".
This may lead to non-unique solutions. 
For more information regarding potential causes and consequences, see the help associated with the option "Warning_duplicate_column".
Warning at line 1 in user-defined function section "MainExecution":
The columns "y(01,2,G3,S4)" and "y(19,4,G3,S4)" are equal in the generated mathematical program "find_max_przychod".
This may lead to non-unique solutions. 
For more information regarding potential causes and consequences, see the help associated with the option "Warning_duplicate_column".
Warning: Only 3 out of 188 duplicate column warnings were reported. 
See also option limit_reported_duplicate_column_row_warnings.
Warning at line 1 in user-defined function section "MainExecution":
Only 3 out of 188 duplicate column warnings were reported. 
See also option limit_reported_duplicate_column_row_warnings.
The definition of constraint "ct_suma_grubosci_1_etap" is not a restriction; perhaps a comparison operator or variable is missing.
The index "n" does not denote a subset of the set "deski_2_etap".
The mandatory attribute "definition" is missing from constraint "ct_szerokosc_paska_1".
The declared constraint "ct_szerokosc_paska_1" has not been defined.
The identifier "i" has not been declared.
The identifier "i" has not been declared.
The symbol "/" is not expected.
The identifier "i" has not been declared.
The identifier "i" has not been declared.
The identifier "i" has not been declared.
The identifier "i" has not been declared.
The identifier "i" has not been declared.
The identifier "i" has not been declared.
The identifier "i" has not been declared.
The identifier "i" has not been declared.
The identifier "i" has not been declared.
The identifier "i" has not been declared.
The identifier "i" has not been declared.
The identifier "i" has not been declared.
The identifier "i" has not been declared.
The identifier "i" has not been declared.
The identifier "i" has not been declared.
The identifier "i" has not been declared.
The identifier "i" has not been declared.
The identifier "i" has not been declared.
The identifier "idf" has not been declared.
The identifier "idf" has not been declared.
The identifier "idf" has not been declared.
The identifier "idf" has not been declared.
The identifier "idf" has not been declared.
The identifier "idf" has not been declared.
The identifier "idf" has not been declared.
The mandatory attribute "definition" is missing from constraint "ct_szerokosc_paska_1".
The mandatory attribute "definition" is missing from constraint "ct_szerokosc_paska_1".
The mandatory attribute "definition" is missing from constraint "ct_szerokosc_paska_1".
The declared constraint "ct_szerokosc_paska_1" has not been defined.
The index "n" already has a scope.
The index "n" already has a scope.
The number of arguments in the variable "a" is not correct.
The number of arguments in the variable "a" is not correct.
The number of arguments in the variable "a" is not correct.
The number of arguments in the variable "a" is not correct.
The index "n" already has a scope.
The mandatory attribute "definition" is missing from constraint "ct_szerokosc_paska_1".
The mandatory attribute "definition" is missing from constraint "ct_szerokosc_paska_1".
The mandatory attribute "definition" is missing from constraint "ct_szerokosc_paska_1".
Derivative evaluation error in ct_szerokosc_paska_2(19) (see solve at line 1 in user-defined function section "MainExecution").
Domain error for sqrt( -1.36424205266e-12 ) w.r.t. variables a(19) = 0, a(18) = 0 and a(17) = 0 (amongst others).
Derivative evaluation error in ct_szerokosc_paska_2(19) (see solve at line 1 in user-defined function section "MainExecution").
Domain error for sqrt( -1.4370016288e-10 ) w.r.t. variables a(19) = 0, a(18) = 0 and a(17) = 0 (amongst others).
Derivative evaluation error in ct_szerokosc_paska_2(19) (see solve at line 1 in user-defined function section "MainExecution").
Domain error for sqrt( -1.40516931424e-10 ) w.r.t. variables a(19) = 0, a(18) = 0 and a(17) = 0 (amongst others).
Derivative evaluation error in ct_szerokosc_paska_2(19) (see solve at line 1 in user-defined function section "MainExecution").
Domain error for sqrt( -1.36424205266e-12 ) w.r.t. variables a(19) = 0, a(18) = 0 and a(17) = 0 (amongst others).
Derivative evaluation error in ct_szerokosc_paska_2(19) (see solve at line 1 in user-defined function section "MainExecution").
Domain error for sqrt( -1.4370016288e-10 ) w.r.t. variables a(19) = 0, a(18) = 0 and a(17) = 6.330870411504e-15 (amongst others).
Derivative evaluation error in ct_szerokosc_paska_2(19) (see solve at line 1 in user-defined function section "MainExecution").
Domain error for sqrt( -1.36424205266e-12 ) w.r.t. variables a(19) = 0, a(18) = 0 and a(17) = 2.302487707675e-17 (amongst others).
Derivative evaluation error in ct_szerokosc_paska_2(19) (see solve at line 1 in user-defined function section "MainExecution").
Domain error for sqrt( -1.36424205266e-12 ) w.r.t. variables a(19) = 0, a(18) = 0 and a(17) = 5.756219269188e-18 (amongst others).
Derivative evaluation error in ct_szerokosc_paska_2(19) (see solve at line 1 in user-defined function section "MainExecution").
Domain error for sqrt( -7.03494151821e-10 ) w.r.t. variables a(19) = 0, a(18) = 0 and a(17) = 4.629260000130e-15 (amongst others).
Derivative evaluation error in ct_szerokosc_paska_2(19) (see solve at line 1 in user-defined function section "MainExecution").
Domain error for sqrt( -4.40650183009e-10 ) w.r.t. variables a(19) = 0, a(18) = 0 and a(17) = 4.664083297581e-15 (amongst others).
Derivative evaluation error in ct_szerokosc_paska_2(19) (see solve at line 1 in user-defined function section "MainExecution").
Domain error for sqrt( -2.34649633057e-10 ) w.r.t. variables a(19) = 0, a(18) = 0 and a(17) = 4.674107081006e-15 (amongst others).
Derivative evaluation error in ct_szerokosc_paska_2(19) (see solve at line 1 in user-defined function section "MainExecution").
Domain error for sqrt( -1.94631866179e-10 ) w.r.t. variables a(19) = 0, a(18) = 0 and a(17) = 7.093135736398e-15 (amongst others).
Derivative evaluation error in ct_szerokosc_paska_2(19) (see solve at line 1 in user-defined function section "MainExecution").
Domain error for sqrt( -1.39152689371e-10 ) w.r.t. variables a(19) = 0, a(18) = 0 and a(17) = 7.096727144269e-15 (amongst others).
Derivative evaluation error in ct_szerokosc_paska_2(19) (see solve at line 1 in user-defined function section "MainExecution").
Domain error for sqrt( -2.72848410532e-12 ) w.r.t. variables a(19) = 0.745065198962, a(18) = 3.199724055492 and a(17) = 4.684058175093 (amongst others).
Derivative evaluation error in ct_szerokosc_paska_2(19) (see solve at line 1 in user-defined function section "MainExecution").
Domain error for sqrt( -2.72848410532e-12 ) w.r.t. variables a(19) = 0.745065198962, a(18) = 3.199724055492 and a(17) = 4.684058175093 (amongst others).
Derivative evaluation error in ct_szerokosc_paska_2(19) (see solve at line 1 in user-defined function section "MainExecution").
Domain error for sqrt( -7.23775883671e-09 ) w.r.t. variables a(19) = 0.046813239971, a(18) = 0.722673555850 and a(17) = 2.997312237363 (amongst others).
Derivative evaluation error in ct_szerokosc_paska_2(19) (see solve at line 1 in user-defined function section "MainExecution").
Domain error for sqrt( -1.42203589348e-07 ) w.r.t. variables a(19) = 0.000281977032, a(18) = 0.061581309904 and a(17) = 0.862528307964 (amongst others).
Derivative evaluation error in ct_szerokosc_paska_2(19) (see solve at line 1 in user-defined function section "MainExecution").
Domain error for sqrt( -1.42203589348e-07 ) w.r.t. variables a(19) = 0.000281977032, a(18) = 0.061581309904 and a(17) = 0.862528307964 (amongst others).
Derivative evaluation error in ct_szerokosc_paska_2(19) (see solve at line 1 in user-defined function section "MainExecution").
Domain error for sqrt( -2.88350747724e-08 ) w.r.t. variables a(19) = 0.000133104522, a(18) = 0.042278599001 and a(17) = 0.714117282468 (amongst others).
Derivative evaluation error in ct_szerokosc_paska_2(19) (see solve at line 1 in user-defined function section "MainExecution").
Domain error for sqrt( -2.88350747724e-08 ) w.r.t. variables a(19) = 0.000133104522, a(18) = 0.042278599001 and a(17) = 0.714117282468 (amongst others).
Derivative evaluation error in ct_szerokosc_paska_2(19) (see solve at line 1 in user-defined function section "MainExecution").
Domain error for sqrt( -9.50790308707e-08 ) w.r.t. variables a(19) = 0.000023115186, a(18) = 0.023103469598 and a(17) = 0.539997616764 (amongst others).
Derivative evaluation error in ct_szerokosc_paska_2(19) (see solve at line 1 in user-defined function section "MainExecution").
Domain error for sqrt( -9.50790308707e-08 ) w.r.t. variables a(19) = 0.000023115186, a(18) = 0.023103469598 and a(17) = 0.539997616764 (amongst others).
Warning: After 74 iterations CONOPT 4.1 terminated and find_max_przychod is still infeasible.
Warning at line 1 in user-defined function section "MainExecution":
After 74 iterations CONOPT 4.1 terminated and find_max_przychod is still infeasible.
Derivative evaluation error in ct_szerokosc_paska_2(19) (see solve at line 1 in user-defined function section "MainExecution").
Domain error for sqrt( -0.000919548457205 ) w.r.t. variables a(19) = 0.000023115186, a(18) = 0.023103469598 and a(17) = 0.539997616764 (amongst others).
Derivative evaluation error in ct_szerokosc_paska_2(19) (see solve at line 1 in user-defined function section "MainExecution").
Domain error for sqrt( -0.000228997239446 ) w.r.t. variables a(19) = 0.000023115186, a(18) = 0.023103469598 and a(17) = 0.539997616764 (amongst others).
Derivative evaluation error in ct_szerokosc_paska_2(19) (see solve at line 1 in user-defined function section "MainExecution").
Domain error for sqrt( -5.63594498999e-05 ) w.r.t. variables a(19) = 0.000023115186, a(18) = 0.023103469598 and a(17) = 0.539997616764 (amongst others).
Derivative evaluation error in ct_szerokosc_paska_2(19) (see solve at line 1 in user-defined function section "MainExecution").
Domain error for sqrt( -1.32000041049e-05 ) w.r.t. variables a(19) = 0.000023115186, a(18) = 0.023103469598 and a(17) = 0.539997616764 (amongst others).
Derivative evaluation error in ct_szerokosc_paska_2(19) (see solve at line 1 in user-defined function section "MainExecution").
Domain error for sqrt( -2.41014095081e-06 ) w.r.t. variables a(19) = 0.000023115186, a(18) = 0.023103469598 and a(17) = 0.539997616764 (amongst others).
Derivative evaluation error in ct_szerokosc_paska_2(19) (see solve at line 1 in user-defined function section "MainExecution").
Domain error for sqrt( -6.11831183051e-07 ) w.r.t. variables a(19) = 0.000023115186, a(18) = 0.023103469598 and a(17) = 0.539997616764 (amongst others).
Derivative evaluation error in ct_szerokosc_paska_2(19) (see solve at line 1 in user-defined function section "MainExecution").
Domain error for sqrt( -1.62253854796e-07 ) w.r.t. variables a(19) = 0.000023115186, a(18) = 0.023103469598 and a(17) = 0.539997616764 (amongst others).
Derivative evaluation error in ct_szerokosc_paska_1(19) (see solve at line 1 in user-defined function section "MainExecution").
Domain error for sqrt( -0.00230509980929 ) w.r.t. variables a(18) = 0.023103469598, a(17) = 0.539997616764 and a(16) = 2.585252251432 (amongst others).
Derivative evaluation error in ct_szerokosc_paska_2(19) (see solve at line 1 in user-defined function section "MainExecution").
Domain error for sqrt( -0.00115410769422 ) w.r.t. variables a(19) = 0.000023115186, a(18) = 0.023103469598 and a(17) = 0.539997616764 (amongst others).
Derivative evaluation error in ct_szerokosc_paska_2(19) (see solve at line 1 in user-defined function section "MainExecution").
Domain error for sqrt( -0.000288479998289 ) w.r.t. variables a(19) = 0.000023115186, a(18) = 0.023103469598 and a(17) = 0.539997616764 (amongst others).
Derivative evaluation error in ct_szerokosc_paska_2(19) (see solve at line 1 in user-defined function section "MainExecution").
Domain error for sqrt( -7.20730972716e-05 ) w.r.t. variables a(19) = 0.000023115186, a(18) = 0.023103469598 and a(17) = 0.539997616764 (amongst others).
Derivative evaluation error in ct_szerokosc_paska_2(19) (see solve at line 1 in user-defined function section "MainExecution").
Domain error for sqrt( -1.79713738362e-05 ) w.r.t. variables a(19) = 0.000023115186, a(18) = 0.023103469598 and a(17) = 0.539997616764 (amongst others).
Derivative evaluation error in ct_szerokosc_paska_2(19) (see solve at line 1 in user-defined function section "MainExecution").
Domain error for sqrt( -4.44594252258e-06 ) w.r.t. variables a(19) = 0.000023115186, a(18) = 0.023103469598 and a(17) = 0.539997616764 (amongst others).
Derivative evaluation error in ct_szerokosc_paska_2(19) (see solve at line 1 in user-defined function section "MainExecution").
Domain error for sqrt( -1.06458492155e-06 ) w.r.t. variables a(19) = 0.000023115186, a(18) = 0.023103469598 and a(17) = 0.539997616764 (amongst others).
Derivative evaluation error in ct_szerokosc_paska_2(19) (see solve at line 1 in user-defined function section "MainExecution").
Domain error for sqrt( -4.47344064014e-08 ) w.r.t. variables a(19) = 0.000023115186, a(18) = 0.023103469598 and a(17) = 0.539997616764 (amongst others).
Derivative evaluation error in ct_szerokosc_paska_2(19) (see solve at line 1 in user-defined function section "MainExecution").
Domain error for sqrt( -2.72848410532e-12 ) w.r.t. variables a(19) = 0.000023115186, a(18) = 0.023103469598 and a(17) = 0.539997616764 (amongst others).
Derivative evaluation error in ct_szerokosc_paska_1(19) (see solve at line 1 in user-defined function section "MainExecution").
Domain error for sqrt( -0.00231518814371 ) w.r.t. variables a(18) = 0.023103469598, a(17) = 0.539997616764 and a(16) = 2.585252251432 (amongst others).
Derivative evaluation error in ct_szerokosc_paska_2(19) (see solve at line 1 in user-defined function section "MainExecution").
Domain error for sqrt( -0.00114913038215 ) w.r.t. variables a(19) = 0.000023115186, a(18) = 0.023103469598 and a(17) = 0.539997616764 (amongst others).
Derivative evaluation error in ct_szerokosc_paska_2(19) (see solve at line 1 in user-defined function section "MainExecution").
Domain error for sqrt( -0.000279736276298 ) w.r.t. variables a(19) = 0.000023115186, a(18) = 0.023103469598 and a(17) = 0.539997616764 (amongst others).
Derivative evaluation error in ct_szerokosc_paska_2(19) (see solve at line 1 in user-defined function section "MainExecution").
Domain error for sqrt( -6.23877726866e-05 ) w.r.t. variables a(19) = 0.000023115186, a(18) = 0.023103469598 and a(17) = 0.539997616764 (amongst others).
Derivative evaluation error in ct_szerokosc_paska_2(19) (see solve at line 1 in user-defined function section "MainExecution").
Domain error for sqrt( -8.05064973974e-06 ) w.r.t. variables a(19) = 0.000023115186, a(18) = 0.023103469598 and a(17) = 0.539997616764 (amongst others).
Derivative evaluation error in ct_szerokosc_paska_2(19) (see solve at line 1 in user-defined function section "MainExecution").
Domain error for sqrt( -2.30925661526e-06 ) w.r.t. variables a(19) = 0.000023115186, a(18) = 0.023103469598 and a(17) = 0.539997616764 (amongst others).
Derivative evaluation error in ct_szerokosc_paska_2(19) (see solve at line 1 in user-defined function section "MainExecution").
Domain error for sqrt( -2.72848410532e-12 ) w.r.t. variables a(19) = 0.000023115186, a(18) = 0.023103469598 and a(17) = 0.539997616764 (amongst others).
Derivative evaluation error in ct_szerokosc_paska_1(19) (see solve at line 1 in user-defined function section "MainExecution").
Domain error for sqrt( -0.0023262271452 ) w.r.t. variables a(18) = 0.023103469598, a(17) = 0.539997616764 and a(16) = 2.585252251432 (amongst others).
Derivative evaluation error in ct_szerokosc_paska_2(19) (see solve at line 1 in user-defined function section "MainExecution").
Domain error for sqrt( -0.00114352184255 ) w.r.t. variables a(19) = 0.000023115186, a(18) = 0.023103469598 and a(17) = 0.539997616764 (amongst others).
Derivative evaluation error in ct_szerokosc_paska_2(19) (see solve at line 1 in user-defined function section "MainExecution").
Domain error for sqrt( -0.000269965853931 ) w.r.t. variables a(19) = 0.000023115186, a(18) = 0.023103469598 and a(17) = 0.539997616764 (amongst others).
Derivative evaluation error in ct_szerokosc_paska_2(19) (see solve at line 1 in user-defined function section "MainExecution").
Domain error for sqrt( -5.15768820151e-05 ) w.r.t. variables a(19) = 0.000023115186, a(18) = 0.023103469598 and a(17) = 0.539997616764 (amongst others).
Derivative evaluation error in ct_szerokosc_paska_2(19) (see solve at line 1 in user-defined function section "MainExecution").
Domain error for sqrt( -1.51787203322e-05 ) w.r.t. variables a(19) = 0.000023115186, a(18) = 0.023103469598 and a(17) = 0.539997616764 (amongst others).
Derivative evaluation error in ct_szerokosc_paska_2(19) (see solve at line 1 in user-defined function section "MainExecution").
Domain error for sqrt( -1.52940901899e-06 ) w.r.t. variables a(19) = 0.000023115186, a(18) = 0.023103469598 and a(17) = 0.539997616764 (amongst others).
Derivative evaluation error in ct_szerokosc_paska_1(19) (see solve at line 1 in user-defined function section "MainExecution").
Domain error for sqrt( -0.00230805349156 ) w.r.t. variables a(18) = 0.023103469598, a(17) = 0.539997616764 and a(16) = 2.585252251432 (amongst others).
Derivative evaluation error in ct_szerokosc_paska_2(19) (see solve at line 1 in user-defined function section "MainExecution").
Domain error for sqrt( -0.00115269536764 ) w.r.t. variables a(19) = 0.000023115186, a(18) = 0.023103469598 and a(17) = 0.539997616764 (amongst others).
Derivative evaluation error in ct_szerokosc_paska_2(19) (see solve at line 1 in user-defined function section "MainExecution").
Domain error for sqrt( -0.000285976170289 ) w.r.t. variables a(19) = 0.000023115186, a(18) = 0.023103469598 and a(17) = 0.539997616764 (amongst others).
Derivative evaluation error in ct_szerokosc_paska_2(19) (see solve at line 1 in user-defined function section "MainExecution").
Domain error for sqrt( -6.9296394031e-05 ) w.r.t. variables a(19) = 0.000023115186, a(18) = 0.023103469598 and a(17) = 0.539997616764 (amongst others).
Derivative evaluation error in ct_szerokosc_paska_2(19) (see solve at line 1 in user-defined function section "MainExecution").
Domain error for sqrt( -1.51264516717e-05 ) w.r.t. variables a(19) = 0.000023115186, a(18) = 0.023103469598 and a(17) = 0.539997616764 (amongst others).
Derivative evaluation error in ct_szerokosc_paska_2(19) (see solve at line 1 in user-defined function section "MainExecution").
Domain error for sqrt( -1.58396596817e-06 ) w.r.t. variables a(19) = 0.000023115186, a(18) = 0.023103469598 and a(17) = 0.539997616764 (amongst others).
Derivative evaluation error in ct_szerokosc_paska_2(19) (see solve at line 1 in user-defined function section "MainExecution").
Domain error for sqrt( -1.53033852257e-07 ) w.r.t. variables a(19) = 0.000023115186, a(18) = 0.023103469598 and a(17) = 0.539997616764 (amongst others).
Derivative evaluation error in ct_szerokosc_paska_2(19) (see solve at line 1 in user-defined function section "MainExecution").
Domain error for sqrt( -2.72848410532e-12 ) w.r.t. variables a(19) = 0.000023115186, a(18) = 0.023103469598 and a(17) = 0.539997616764 (amongst others).
Derivative evaluation error in ct_szerokosc_paska_1(19) (see solve at line 1 in user-defined function section "MainExecution").
Domain error for sqrt( -0.0023262271452 ) w.r.t. variables a(18) = 0.023103469598, a(17) = 0.539997616764 and a(16) = 2.585252251432 (amongst others).
Derivative evaluation error in ct_szerokosc_paska_2(19) (see solve at line 1 in user-defined function section "MainExecution").
Domain error for sqrt( -0.00114352184391 ) w.r.t. variables a(19) = 0.000023115186, a(18) = 0.023103469598 and a(17) = 0.539997616764 (amongst others).
Derivative evaluation error in ct_szerokosc_paska_2(19) (see solve at line 1 in user-defined function section "MainExecution").
Domain error for sqrt( -0.000269965855296 ) w.r.t. variables a(19) = 0.000023115186, a(18) = 0.023103469598 and a(17) = 0.539997616764 (amongst others).
Derivative evaluation error in ct_szerokosc_paska_2(19) (see solve at line 1 in user-defined function section "MainExecution").
Domain error for sqrt( -5.15768820151e-05 ) w.r.t. variables a(19) = 0.000023115186, a(18) = 0.023103469598 and a(17) = 0.539997616764 (amongst others).
Derivative evaluation error in ct_szerokosc_paska_2(19) (see solve at line 1 in user-defined function section "MainExecution").
Domain error for sqrt( -1.51787203322e-05 ) w.r.t. variables a(19) = 0.000023115186, a(18) = 0.023103469598 and a(17) = 0.539997616764 (amongst others).
Derivative evaluation error in ct_szerokosc_paska_2(19) (see solve at line 1 in user-defined function section "MainExecution").
Domain error for sqrt( -1.52941038323e-06 ) w.r.t. variables a(19) = 0.000023115186, a(18) = 0.023103469598 and a(17) = 0.539997616764 (amongst others).
Derivative evaluation error in ct_szerokosc_paska_1(19) (see solve at line 1 in user-defined function section "MainExecution").
Domain error for sqrt( -0.00230805349292 ) w.r.t. variables a(18) = 0.023103469598, a(17) = 0.539997616764 and a(16) = 2.585252251432 (amongst others).
Derivative evaluation error in ct_szerokosc_paska_2(19) (see solve at line 1 in user-defined function section "MainExecution").
Domain error for sqrt( -0.00115268817262 ) w.r.t. variables a(19) = 0.000023115186, a(18) = 0.023103469598 and a(17) = 0.539997616764 (amongst others).
Derivative evaluation error in ct_szerokosc_paska_2(19) (see solve at line 1 in user-defined function section "MainExecution").
Domain error for sqrt( -0.000285967176296 ) w.r.t. variables a(19) = 0.000023115186, a(18) = 0.023103469598 and a(17) = 0.539997616764 (amongst others).
Derivative evaluation error in ct_szerokosc_paska_2(19) (see solve at line 1 in user-defined function section "MainExecution").
Domain error for sqrt( -6.9286949838e-05 ) w.r.t. variables a(19) = 0.000023115186, a(18) = 0.023103469598 and a(17) = 0.539997616764 (amongst others).
Derivative evaluation error in ct_szerokosc_paska_2(19) (see solve at line 1 in user-defined function section "MainExecution").
Domain error for sqrt( -1.51168960656e-05 ) w.r.t. variables a(19) = 0.000023115186, a(18) = 0.023103469598 and a(17) = 0.539997616764 (amongst others).
Derivative evaluation error in ct_szerokosc_paska_2(19) (see solve at line 1 in user-defined function section "MainExecution").
Domain error for sqrt( -1.5743808035e-06 ) w.r.t. variables a(19) = 0.000023115186, a(18) = 0.023103469598 and a(17) = 0.539997616764 (amongst others).
Derivative evaluation error in ct_szerokosc_paska_2(19) (see solve at line 1 in user-defined function section "MainExecution").
Domain error for sqrt( -1.43447323353e-07 ) w.r.t. variables a(19) = 0.000023115186, a(18) = 0.023103469598 and a(17) = 0.539997616764 (amongst others).
Derivative evaluation error in ct_szerokosc_paska_2(19) (see solve at line 1 in user-defined function section "MainExecution").
Domain error for sqrt( -2.72848410532e-12 ) w.r.t. variables a(19) = 0.000023115186, a(18) = 0.023103469598 and a(17) = 0.539997616764 (amongst others).
Derivative evaluation error in ct_szerokosc_paska_1(19) (see solve at line 1 in user-defined function section "MainExecution").
Domain error for sqrt( -0.0023262271452 ) w.r.t. variables a(18) = 0.023103469598, a(17) = 0.539997616764 and a(16) = 2.585252251432 (amongst others).
Derivative evaluation error in ct_szerokosc_paska_2(19) (see solve at line 1 in user-defined function section "MainExecution").
Domain error for sqrt( -0.00114352184391 ) w.r.t. variables a(19) = 0.000023115186, a(18) = 0.023103469598 and a(17) = 0.539997616764 (amongst others).
Derivative evaluation error in ct_szerokosc_paska_2(19) (see solve at line 1 in user-defined function section "MainExecution").
Domain error for sqrt( -0.000269965855296 ) w.r.t. variables a(19) = 0.000023115186, a(18) = 0.023103469598 and a(17) = 0.539997616764 (amongst others).
Derivative evaluation error in ct_szerokosc_paska_2(19) (see solve at line 1 in user-defined function section "MainExecution").
Domain error for sqrt( -5.15768820151e-05 ) w.r.t. variables a(19) = 0.000023115186, a(18) = 0.023103469598 and a(17) = 0.539997616764 (amongst others).
Derivative evaluation error in ct_szerokosc_paska_2(19) (see solve at line 1 in user-defined function section "MainExecution").
Domain error for sqrt( -1.51787203322e-05 ) w.r.t. variables a(19) = 0.000023115186, a(18) = 0.023103469598 and a(17) = 0.539997616764 (amongst others).
Derivative evaluation error in ct_szerokosc_paska_2(19) (see solve at line 1 in user-defined function section "MainExecution").
Domain error for sqrt( -1.52941038323e-06 ) w.r.t. variables a(19) = 0.000023115186, a(18) = 0.023103469598 and a(17) = 0.539997616764 (amongst others).
Derivative evaluation error in ct_szerokosc_paska_1(19) (see solve at line 1 in user-defined function section "MainExecution").
Domain error for sqrt( -0.00230805349156 ) w.r.t. variables a(18) = 0.023103469598, a(17) = 0.539997616764 and a(16) = 2.585252251432 (amongst others).
Derivative evaluation error in ct_szerokosc_paska_2(19) (see solve at line 1 in user-defined function section "MainExecution").
Domain error for sqrt( -0.00115268244735 ) w.r.t. variables a(19) = 0.000023115186, a(18) = 0.023103469598 and a(17) = 0.539997616764 (amongst others).
Derivative evaluation error in ct_szerokosc_paska_2(19) (see solve at line 1 in user-defined function section "MainExecution").
Domain error for sqrt( -0.000285960018118 ) w.r.t. variables a(19) = 0.000023115186, a(18) = 0.023103469598 and a(17) = 0.539997616764 (amongst others).
Derivative evaluation error in ct_szerokosc_paska_2(19) (see solve at line 1 in user-defined function section "MainExecution").
Domain error for sqrt( -6.9279435138e-05 ) w.r.t. variables a(19) = 0.000023115186, a(18) = 0.023103469598 and a(17) = 0.539997616764 (amongst others).
Derivative evaluation error in ct_szerokosc_paska_2(19) (see solve at line 1 in user-defined function section "MainExecution").
Domain error for sqrt( -1.51092904161e-05 ) w.r.t. variables a(19) = 0.000023115186, a(18) = 0.023103469598 and a(17) = 0.539997616764 (amongst others).
Derivative evaluation error in ct_szerokosc_paska_2(19) (see solve at line 1 in user-defined function section "MainExecution").
Domain error for sqrt( -1.56675514518e-06 ) w.r.t. variables a(19) = 0.000023115186, a(18) = 0.023103469598 and a(17) = 0.539997616764 (amongst others).
Derivative evaluation error in ct_szerokosc_paska_2(19) (see solve at line 1 in user-defined function section "MainExecution").
Domain error for sqrt( -1.358175723e-07 ) w.r.t. variables a(19) = 0.000023115186, a(18) = 0.023103469598 and a(17) = 0.539997616764 (amongst others).
Derivative evaluation error in ct_szerokosc_paska_1(19) (see solve at line 1 in user-defined function section "MainExecution").
Domain error for sqrt( -0.0023057267299 ) w.r.t. variables a(18) = 0.023103469598, a(17) = 0.539997616764 and a(16) = 2.585252251432 (amongst others).
Derivative evaluation error in ct_szerokosc_paska_2(19) (see solve at line 1 in user-defined function section "MainExecution").
Domain error for sqrt( -0.0011537935743 ) w.r.t. variables a(19) = 0.000023115186, a(18) = 0.023103469598 and a(17) = 0.539997616764 (amongst others).
Derivative evaluation error in ct_szerokosc_paska_2(19) (see solve at line 1 in user-defined function section "MainExecution").
Domain error for sqrt( -0.00028793061756 ) w.r.t. variables a(19) = 0.000023115186, a(18) = 0.023103469598 and a(17) = 0.539997616764 (amongst others).
Derivative evaluation error in ct_szerokosc_paska_2(19) (see solve at line 1 in user-defined function section "MainExecution").
Domain error for sqrt( -7.14649022484e-05 ) w.r.t. variables a(19) = 0.000023115186, a(18) = 0.023103469598 and a(17) = 0.539997616764 (amongst others).
Derivative evaluation error in ct_szerokosc_paska_2(19) (see solve at line 1 in user-defined function section "MainExecution").
Domain error for sqrt( -1.73484750121e-05 ) w.r.t. variables a(19) = 0.000023115186, a(18) = 0.023103469598 and a(17) = 0.539997616764 (amongst others).
Derivative evaluation error in ct_szerokosc_paska_2(19) (see solve at line 1 in user-defined function section "MainExecution").
Domain error for sqrt( -3.81936752092e-06 ) w.r.t. variables a(19) = 0.000023115186, a(18) = 0.023103469598 and a(17) = 0.539997616764 (amongst others).
Derivative evaluation error in ct_szerokosc_paska_2(19) (see solve at line 1 in user-defined function section "MainExecution").
Domain error for sqrt( -4.37091784988e-07 ) w.r.t. variables a(19) = 0.000023115186, a(18) = 0.023103469598 and a(17) = 0.539997616764 (amongst others).
Derivative evaluation error in ct_szerokosc_paska_2(19) (see solve at line 1 in user-defined function section "MainExecution").
Domain error for sqrt( -2.72848410532e-12 ) w.r.t. variables a(19) = 0.000023115186, a(18) = 0.023103469598 and a(17) = 0.539997616764 (amongst others).
Derivative evaluation error in ct_szerokosc_paska_1(19) (see solve at line 1 in user-defined function section "MainExecution").
Domain error for sqrt( -0.0023262271452 ) w.r.t. variables a(18) = 0.023103469598, a(17) = 0.539997616764 and a(16) = 2.585252251432 (amongst others).
Derivative evaluation error in ct_szerokosc_paska_2(19) (see solve at line 1 in user-defined function section "MainExecution").
Domain error for sqrt( -0.00114352184255 ) w.r.t. variables a(19) = 0.000023115186, a(18) = 0.023103469598 and a(17) = 0.539997616764 (amongst others).
Derivative evaluation error in ct_szerokosc_paska_2(19) (see solve at line 1 in user-defined function section "MainExecution").
Domain error for sqrt( -0.000269965855296 ) w.r.t. variables a(19) = 0.000023115186, a(18) = 0.023103469598 and a(17) = 0.539997616764 (amongst others).
Derivative evaluation error in ct_szerokosc_paska_2(19) (see solve at line 1 in user-defined function section "MainExecution").
Domain error for sqrt( -5.15768820151e-05 ) w.r.t. variables a(19) = 0.000023115186, a(18) = 0.023103469598 and a(17) = 0.539997616764 (amongst others).
Derivative evaluation error in ct_szerokosc_paska_2(19) (see solve at line 1 in user-defined function section "MainExecution").
Domain error for sqrt( -1.51787203322e-05 ) w.r.t. variables a(19) = 0.000023115186, a(18) = 0.023103469598 and a(17) = 0.539997616764 (amongst others).
Derivative evaluation error in ct_szerokosc_paska_2(19) (see solve at line 1 in user-defined function section "MainExecution").
Domain error for sqrt( -1.52940901899e-06 ) w.r.t. variables a(19) = 0.000023115186, a(18) = 0.023103469598 and a(17) = 0.539997616764 (amongst others).
Derivative evaluation error in ct_szerokosc_paska_1(19) (see solve at line 1 in user-defined function section "MainExecution").
Domain error for sqrt( -0.00230805349292 ) w.r.t. variables a(18) = 0.023103469598, a(17) = 0.539997616764 and a(16) = 2.585252251432 (amongst others).
Derivative evaluation error in ct_szerokosc_paska_2(19) (see solve at line 1 in user-defined function section "MainExecution").
Domain error for sqrt( -0.00115267362071 ) w.r.t. variables a(19) = 0.000023115186, a(18) = 0.023103469598 and a(17) = 0.539997616764 (amongst others).
Derivative evaluation error in ct_szerokosc_paska_2(19) (see solve at line 1 in user-defined function section "MainExecution").
Domain error for sqrt( -0.000285948986402 ) w.r.t. variables a(19) = 0.000023115186, a(18) = 0.023103469598 and a(17) = 0.539997616764 (amongst others).
Derivative evaluation error in ct_szerokosc_paska_2(19) (see solve at line 1 in user-defined function section "MainExecution").
Domain error for sqrt( -6.92678504493e-05 ) w.r.t. variables a(19) = 0.000023115186, a(18) = 0.023103469598 and a(17) = 0.539997616764 (amongst others).
Derivative evaluation error in ct_szerokosc_paska_2(19) (see solve at line 1 in user-defined function section "MainExecution").
Domain error for sqrt( -1.50975693032e-05 ) w.r.t. variables a(19) = 0.000023115186, a(18) = 0.023103469598 and a(17) = 0.539997616764 (amongst others).
Derivative evaluation error in ct_szerokosc_paska_2(19) (see solve at line 1 in user-defined function section "MainExecution").
Domain error for sqrt( -1.55499856191e-06 ) w.r.t. variables a(19) = 0.000023115186, a(18) = 0.023103469598 and a(17) = 0.539997616764 (amongst others).
Derivative evaluation error in ct_szerokosc_paska_2(19) (see solve at line 1 in user-defined function section "MainExecution").
Domain error for sqrt( -1.24057805806e-07 ) w.r.t. variables a(19) = 0.000023115186, a(18) = 0.023103469598 and a(17) = 0.539997616764 (amongst others).
Derivative evaluation error in ct_szerokosc_paska_2(19) (see solve at line 1 in user-defined function section "MainExecution").
Domain error for sqrt( -2.72848410532e-12 ) w.r.t. variables a(19) = 0.000023115186, a(18) = 0.023103469598 and a(17) = 0.539997616764 (amongst others).
Derivative evaluation error in ct_szerokosc_paska_1(19) (see solve at line 1 in user-defined function section "MainExecution").
Domain error for sqrt( -0.0023262271452 ) w.r.t. variables a(18) = 0.023103469598, a(17) = 0.539997616764 and a(16) = 2.585252251432 (amongst others).
Derivative evaluation error in ct_szerokosc_paska_2(19) (see solve at line 1 in user-defined function section "MainExecution").
Domain error for sqrt( -0.00114352184391 ) w.r.t. variables a(19) = 0.000023115186, a(18) = 0.023103469598 and a(17) = 0.539997616764 (amongst others).
Derivative evaluation error in ct_szerokosc_paska_2(19) (see solve at line 1 in user-defined function section "MainExecution").
Domain error for sqrt( -0.000269965855296 ) w.r.t. variables a(19) = 0.000023115186, a(18) = 0.023103469598 and a(17) = 0.539997616764 (amongst others).
Derivative evaluation error in ct_szerokosc_paska_2(19) (see solve at line 1 in user-defined function section "MainExecution").
Domain error for sqrt( -5.15768820151e-05 ) w.r.t. variables a(19) = 0.000023115186, a(18) = 0.023103469598 and a(17) = 0.539997616764 (amongst others).
Derivative evaluation error in ct_szerokosc_paska_2(19) (see solve at line 1 in user-defined function section "MainExecution").
Domain error for sqrt( -1.51787203322e-05 ) w.r.t. variables a(19) = 0.000023115186, a(18) = 0.023103469598 and a(17) = 0.539997616764 (amongst others).
Derivative evaluation error in ct_szerokosc_paska_2(19) (see solve at line 1 in user-defined function section "MainExecution").
Domain error for sqrt( -1.52941038323e-06 ) w.r.t. variables a(19) = 0.000023115186, a(18) = 0.023103469598 and a(17) = 0.539997616764 (amongst others).
Derivative evaluation error in ct_szerokosc_paska_1(19) (see solve at line 1 in user-defined function section "MainExecution").
Domain error for sqrt( -0.00230805349156 ) w.r.t. variables a(18) = 0.023103469598, a(17) = 0.539997616764 and a(16) = 2.585252251432 (amongst others).
Derivative evaluation error in ct_szerokosc_paska_2(19) (see solve at line 1 in user-defined function section "MainExecution").
Domain error for sqrt( -0.00115267008232 ) w.r.t. variables a(19) = 0.000023115186, a(18) = 0.023103469598 and a(17) = 0.539997616764 (amongst others).
Derivative evaluation error in ct_szerokosc_paska_2(19) (see solve at line 1 in user-defined function section "MainExecution").
Domain error for sqrt( -0.00028594456262 ) w.r.t. variables a(19) = 0.000023115186, a(18) = 0.023103469598 and a(17) = 0.539997616764 (amongst others).
Derivative evaluation error in ct_szerokosc_paska_2(19) (see solve at line 1 in user-defined function section "MainExecution").
Domain error for sqrt( -6.92632061146e-05 ) w.r.t. variables a(19) = 0.000023115186, a(18) = 0.023103469598 and a(17) = 0.539997616764 (amongst others).
Derivative evaluation error in ct_szerokosc_paska_2(19) (see solve at line 1 in user-defined function section "MainExecution").
Domain error for sqrt( -1.50928685798e-05 ) w.r.t. variables a(19) = 0.000023115186, a(18) = 0.023103469598 and a(17) = 0.539997616764 (amongst others).
Derivative evaluation error in ct_szerokosc_paska_2(19) (see solve at line 1 in user-defined function section "MainExecution").
Domain error for sqrt( -1.55028510562e-06 ) w.r.t. variables a(19) = 0.000023115186, a(18) = 0.023103469598 and a(17) = 0.539997616764 (amongst others).
Derivative evaluation error in ct_szerokosc_paska_2(19) (see solve at line 1 in user-defined function section "MainExecution").
Domain error for sqrt( -1.19341166283e-07 ) w.r.t. variables a(19) = 0.000023115186, a(18) = 0.023103469598 and a(17) = 0.539997616764 (amongst others).
Derivative evaluation error in ct_szerokosc_paska_2(19) (see solve at line 1 in user-defined function section "MainExecution").
Domain error for sqrt( -2.72848410532e-12 ) w.r.t. variables a(19) = 0.000023115186, a(18) = 0.023103469598 and a(17) = 0.539997616764 (amongst others).
Derivative evaluation error in ct_szerokosc_paska_1(19) (see solve at line 1 in user-defined function section "MainExecution").
Domain error for sqrt( -0.0023262271452 ) w.r.t. variables a(18) = 0.023103469598, a(17) = 0.539997616764 and a(16) = 2.585252251432 (amongst others).
Derivative evaluation error in ct_szerokosc_paska_2(19) (see solve at line 1 in user-defined function section "MainExecution").
Domain error for sqrt( -0.00114352184255 ) w.r.t. variables a(19) = 0.000023115186, a(18) = 0.023103469598 and a(17) = 0.539997616764 (amongst others).
Derivative evaluation error in ct_szerokosc_paska_2(19) (see solve at line 1 in user-defined function section "MainExecution").
Domain error for sqrt( -0.000269965855296 ) w.r.t. variables a(19) = 0.000023115186, a(18) = 0.023103469598 and a(17) = 0.539997616764 (amongst others).
Derivative evaluation error in ct_szerokosc_paska_2(19) (see solve at line 1 in user-defined function section "MainExecution").
Domain error for sqrt( -5.15768820151e-05 ) w.r.t. variables a(19) = 0.000023115186, a(18) = 0.023103469598 and a(17) = 0.539997616764 (amongst others).
Derivative evaluation error in ct_szerokosc_paska_2(19) (see solve at line 1 in user-defined function section "MainExecution").
Domain error for sqrt( -1.51787203322e-05 ) w.r.t. variables a(19) = 0.000023115186, a(18) = 0.023103469598 and a(17) = 0.539997616764 (amongst others).
Derivative evaluation error in ct_szerokosc_paska_2(19) (see solve at line 1 in user-defined function section "MainExecution").
Domain error for sqrt( -1.52940901899e-06 ) w.r.t. variables a(19) = 0.000023115186, a(18) = 0.023103469598 and a(17) = 0.539997616764 (amongst others).
Derivative evaluation error in ct_szerokosc_paska_1(19) (see solve at line 1 in user-defined function section "MainExecution").
Domain error for sqrt( -0.00230805349292 ) w.r.t. variables a(18) = 0.023103469598, a(17) = 0.539997616764 and a(16) = 2.585252251432 (amongst others).
Derivative evaluation error in ct_szerokosc_paska_2(19) (see solve at line 1 in user-defined function section "MainExecution").
Domain error for sqrt( -0.00115266695866 ) w.r.t. variables a(19) = 0.000023115186, a(18) = 0.023103469598 and a(17) = 0.539997616764 (amongst others).
Derivative evaluation error in ct_szerokosc_paska_2(19) (see solve at line 1 in user-defined function section "MainExecution").
Domain error for sqrt( -0.000285940660433 ) w.r.t. variables a(19) = 0.000023115186, a(18) = 0.023103469598 and a(17) = 0.539997616764 (amongst others).
Derivative evaluation error in ct_szerokosc_paska_2(19) (see solve at line 1 in user-defined function section "MainExecution").
Domain error for sqrt( -6.92591079314e-05 ) w.r.t. variables a(19) = 0.000023115186, a(18) = 0.023103469598 and a(17) = 0.539997616764 (amongst others).
Derivative evaluation error in ct_szerokosc_paska_2(19) (see solve at line 1 in user-defined function section "MainExecution").
Domain error for sqrt( -1.50887217387e-05 ) w.r.t. variables a(19) = 0.000023115186, a(18) = 0.023103469598 and a(17) = 0.539997616764 (amongst others).
Derivative evaluation error in ct_szerokosc_paska_2(19) (see solve at line 1 in user-defined function section "MainExecution").
Domain error for sqrt( -1.54612416736e-06 ) w.r.t. variables a(19) = 0.000023115186, a(18) = 0.023103469598 and a(17) = 0.539997616764 (amongst others).
Derivative evaluation error in ct_szerokosc_paska_2(19) (see solve at line 1 in user-defined function section "MainExecution").
Domain error for sqrt( -1.15182047011e-07 ) w.r.t. variables a(19) = 0.000023115186, a(18) = 0.023103469598 and a(17) = 0.539997616764 (amongst others).
Derivative evaluation error in ct_szerokosc_paska_2(19) (see solve at line 1 in user-defined function section "MainExecution").
Domain error for sqrt( -2.72848410532e-12 ) w.r.t. variables a(19) = 0.000023115186, a(18) = 0.023103469598 and a(17) = 0.539997616764 (amongst others).
Derivative evaluation error in ct_szerokosc_paska_1(19) (see solve at line 1 in user-defined function section "MainExecution").
Domain error for sqrt( -0.0023262271452 ) w.r.t. variables a(18) = 0.023103469598, a(17) = 0.539997616764 and a(16) = 2.585252251432 (amongst others).
Derivative evaluation error in ct_szerokosc_paska_2(19) (see solve at line 1 in user-defined function section "MainExecution").
Domain error for sqrt( -0.00114352184255 ) w.r.t. variables a(19) = 0.000023115186, a(18) = 0.023103469598 and a(17) = 0.539997616764 (amongst others).
Derivative evaluation error in ct_szerokosc_paska_2(19) (see solve at line 1 in user-defined function section "MainExecution").
Domain error for sqrt( -0.000269965855296 ) w.r.t. variables a(19) = 0.000023115186, a(18) = 0.023103469598 and a(17) = 0.539997616764 (amongst others).
Derivative evaluation error in ct_szerokosc_paska_2(19) (see solve at line 1 in user-defined function section "MainExecution").
Domain error for sqrt( -5.15768820151e-05 ) w.r.t. variables a(19) = 0.000023115186, a(18) = 0.023103469598 and a(17) = 0.539997616764 (amongst others).
Derivative evaluation error in ct_szerokosc_paska_2(19) (see solve at line 1 in user-defined function section "MainExecution").
Domain error for sqrt( -1.51787203322e-05 ) w.r.t. variables a(19) = 0.000023115186, a(18) = 0.023103469598 and a(17) = 0.539997616764 (amongst others).
Derivative evaluation error in ct_szerokosc_paska_2(19) (see solve at line 1 in user-defined function section "MainExecution").
Domain error for sqrt( -1.52940901899e-06 ) w.r.t. variables a(19) = 0.000023115186, a(18) = 0.023103469598 and a(17) = 0.539997616764 (amongst others).
Derivative evaluation error in ct_szerokosc_paska_1(19) (see solve at line 1 in user-defined function section "MainExecution").
Domain error for sqrt( -0.00230805349292 ) w.r.t. variables a(18) = 0.023103469598, a(17) = 0.539997616764 and a(16) = 2.585252251432 (amongst others).
Derivative evaluation error in ct_szerokosc_paska_2(19) (see solve at line 1 in user-defined function section "MainExecution").
Domain error for sqrt( -0.00115266417652 ) w.r.t. variables a(19) = 0.000023115186, a(18) = 0.023103469598 and a(17) = 0.539997616764 (amongst others).
Derivative evaluation error in ct_szerokosc_paska_2(19) (see solve at line 1 in user-defined function section "MainExecution").
Domain error for sqrt( -0.000285937180251 ) w.r.t. variables a(19) = 0.000023115186, a(18) = 0.023103469598 and a(17) = 0.539997616764 (amongst others).
Derivative evaluation error in ct_szerokosc_paska_2(19) (see solve at line 1 in user-defined function section "MainExecution").
Domain error for sqrt( -6.92554540365e-05 ) w.r.t. variables a(19) = 0.000023115186, a(18) = 0.023103469598 and a(17) = 0.539997616764 (amongst others).
Derivative evaluation error in ct_szerokosc_paska_2(19) (see solve at line 1 in user-defined function section "MainExecution").
Domain error for sqrt( -1.5085024188e-05 ) w.r.t. variables a(19) = 0.000023115186, a(18) = 0.023103469598 and a(17) = 0.539997616764 (amongst others).
Derivative evaluation error in ct_szerokosc_paska_2(19) (see solve at line 1 in user-defined function section "MainExecution").
Domain error for sqrt( -1.54241797645e-06 ) w.r.t. variables a(19) = 0.000023115186, a(18) = 0.023103469598 and a(17) = 0.539997616764 (amongst others).
Derivative evaluation error in ct_szerokosc_paska_2(19) (see solve at line 1 in user-defined function section "MainExecution").
Domain error for sqrt( -1.1147267287e-07 ) w.r.t. variables a(19) = 0.000023115186, a(18) = 0.023103469598 and a(17) = 0.539997616764 (amongst others).
Derivative evaluation error in ct_szerokosc_paska_2(19) (see solve at line 1 in user-defined function section "MainExecution").
Domain error for sqrt( -2.72848410532e-12 ) w.r.t. variables a(19) = 0.000023115186, a(18) = 0.023103469598 and a(17) = 0.539997616764 (amongst others).
Derivative evaluation error in ct_szerokosc_paska_1(19) (see solve at line 1 in user-defined function section "MainExecution").
Domain error for sqrt( -0.0023262271452 ) w.r.t. variables a(18) = 0.023103469598, a(17) = 0.539997616764 and a(16) = 2.585252251432 (amongst others).
Derivative evaluation error in ct_szerokosc_paska_2(19) (see solve at line 1 in user-defined function section "MainExecution").
Domain error for sqrt( -0.00114352184391 ) w.r.t. variables a(19) = 0.000023115186, a(18) = 0.023103469598 and a(17) = 0.539997616764 (amongst others).
Derivative evaluation error in ct_szerokosc_paska_2(19) (see solve at line 1 in user-defined function section "MainExecution").
Domain error for sqrt( -0.000269965855296 ) w.r.t. variables a(19) = 0.000023115186, a(18) = 0.023103469598 and a(17) = 0.539997616764 (amongst others).
Derivative evaluation error in ct_szerokosc_paska_2(19) (see solve at line 1 in user-defined function section "MainExecution").
Domain error for sqrt( -5.15768820151e-05 ) w.r.t. variables a(19) = 0.000023115186, a(18) = 0.023103469598 and a(17) = 0.539997616764 (amongst others).
Derivative evaluation error in ct_szerokosc_paska_2(19) (see solve at line 1 in user-defined function section "MainExecution").
Domain error for sqrt( -1.51787203322e-05 ) w.r.t. variables a(19) = 0.000023115186, a(18) = 0.023103469598 and a(17) = 0.539997616764 (amongst others).
Derivative evaluation error in ct_szerokosc_paska_2(19) (see solve at line 1 in user-defined function section "MainExecution").
Domain error for sqrt( -1.52941038323e-06 ) w.r.t. variables a(19) = 0.000023115186, a(18) = 0.023103469598 and a(17) = 0.539997616764 (amongst others).
Derivative evaluation error in ct_szerokosc_paska_1(19) (see solve at line 1 in user-defined function section "MainExecution").
Domain error for sqrt( -0.00230805349156 ) w.r.t. variables a(18) = 0.023103469598, a(17) = 0.539997616764 and a(16) = 2.585252251432 (amongst others).
Derivative evaluation error in ct_szerokosc_paska_2(19) (see solve at line 1 in user-defined function section "MainExecution").
Domain error for sqrt( -0.00115266167404 ) w.r.t. variables a(19) = 0.000023115186, a(18) = 0.023103469598 and a(17) = 0.539997616764 (amongst others).
Derivative evaluation error in ct_szerokosc_paska_2(19) (see solve at line 1 in user-defined function section "MainExecution").
Domain error for sqrt( -0.000285934052044 ) w.r.t. variables a(19) = 0.000023115186, a(18) = 0.023103469598 and a(17) = 0.539997616764 (amongst others).
Derivative evaluation error in ct_szerokosc_paska_2(19) (see solve at line 1 in user-defined function section "MainExecution").
Domain error for sqrt( -6.92521698511e-05 ) w.r.t. variables a(19) = 0.000023115186, a(18) = 0.023103469598 and a(17) = 0.539997616764 (amongst others).
Derivative evaluation error in ct_szerokosc_paska_2(19) (see solve at line 1 in user-defined function section "MainExecution").
Domain error for sqrt( -1.50817018039e-05 ) w.r.t. variables a(19) = 0.000023115186, a(18) = 0.023103469598 and a(17) = 0.539997616764 (amongst others).
Derivative evaluation error in ct_szerokosc_paska_2(19) (see solve at line 1 in user-defined function section "MainExecution").
Domain error for sqrt( -1.53908376888e-06 ) w.r.t. variables a(19) = 0.000023115186, a(18) = 0.023103469598 and a(17) = 0.539997616764 (amongst others).
Derivative evaluation error in ct_szerokosc_paska_2(19) (see solve at line 1 in user-defined function section "MainExecution").
Domain error for sqrt( -1.08138920041e-07 ) w.r.t. variables a(19) = 0.000023115186, a(18) = 0.023103469598 and a(17) = 0.539997616764 (amongst others).
Derivative evaluation error in ct_szerokosc_paska_2(19) (see solve at line 1 in user-defined function section "MainExecution").
Domain error for sqrt( -2.72848410532e-12 ) w.r.t. variables a(19) = 0.000023115186, a(18) = 0.023103469598 and a(17) = 0.539997616764 (amongst others).
Derivative evaluation error in ct_szerokosc_paska_1(19) (see solve at line 1 in user-defined function section "MainExecution").
Domain error for sqrt( -0.0023262271452 ) w.r.t. variables a(18) = 0.023103469598, a(17) = 0.539997616764 and a(16) = 2.585252251432 (amongst others).
Derivative evaluation error in ct_szerokosc_paska_2(19) (see solve at line 1 in user-defined function section "MainExecution").
Domain error for sqrt( -0.00114352184391 ) w.r.t. variables a(19) = 0.000023115186, a(18) = 0.023103469598 and a(17) = 0.539997616764 (amongst others).
Derivative evaluation error in ct_szerokosc_paska_2(19) (see solve at line 1 in user-defined function section "MainExecution").
Domain error for sqrt( -0.000269965855296 ) w.r.t. variables a(19) = 0.000023115186, a(18) = 0.023103469598 and a(17) = 0.539997616764 (amongst others).
Derivative evaluation error in ct_szerokosc_paska_2(19) (see solve at line 1 in user-defined function section "MainExecution").
Domain error for sqrt( -5.15768820151e-05 ) w.r.t. variables a(19) = 0.000023115186, a(18) = 0.023103469598 and a(17) = 0.539997616764 (amongst others).
Derivative evaluation error in ct_szerokosc_paska_2(19) (see solve at line 1 in user-defined function section "MainExecution").
Domain error for sqrt( -1.51787203322e-05 ) w.r.t. variables a(19) = 0.000023115186, a(18) = 0.023103469598 and a(17) = 0.539997616764 (amongst others).
Derivative evaluation error in ct_szerokosc_paska_2(19) (see solve at line 1 in user-defined function section "MainExecution").
Domain error for sqrt( -1.52941038323e-06 ) w.r.t. variables a(19) = 0.000023115186, a(18) = 0.023103469598 and a(17) = 0.539997616764 (amongst others).
Derivative evaluation error in ct_szerokosc_paska_1(19) (see solve at line 1 in user-defined function section "MainExecution").
Domain error for sqrt( -0.00230805349156 ) w.r.t. variables a(18) = 0.023103469598, a(17) = 0.539997616764 and a(16) = 2.585252251432 (amongst others).
Derivative evaluation error in ct_szerokosc_paska_2(19) (see solve at line 1 in user-defined function section "MainExecution").
Domain error for sqrt( -0.00115265940985 ) w.r.t. variables a(19) = 0.000023115186, a(18) = 0.023103469598 and a(17) = 0.539997616764 (amongst others).
Derivative evaluation error in ct_szerokosc_paska_2(19) (see solve at line 1 in user-defined function section "MainExecution").
Domain error for sqrt( -0.000285931221242 ) w.r.t. variables a(19) = 0.000023115186, a(18) = 0.023103469598 and a(17) = 0.539997616764 (amongst others).
Derivative evaluation error in ct_szerokosc_paska_2(19) (see solve at line 1 in user-defined function section "MainExecution").
Domain error for sqrt( -6.92491985319e-05 ) w.r.t. variables a(19) = 0.000023115186, a(18) = 0.023103469598 and a(17) = 0.539997616764 (amongst others).
Derivative evaluation error in ct_szerokosc_paska_2(19) (see solve at line 1 in user-defined function section "MainExecution").
Domain error for sqrt( -1.50786945596e-05 ) w.r.t. variables a(19) = 0.000023115186, a(18) = 0.023103469598 and a(17) = 0.539997616764 (amongst others).
Derivative evaluation error in ct_szerokosc_paska_2(19) (see solve at line 1 in user-defined function section "MainExecution").
Domain error for sqrt( -1.53606833919e-06 ) w.r.t. variables a(19) = 0.000023115186, a(18) = 0.023103469598 and a(17) = 0.539997616764 (amongst others).
Derivative evaluation error in ct_szerokosc_paska_2(19) (see solve at line 1 in user-defined function section "MainExecution").
Domain error for sqrt( -1.05122126115e-07 ) w.r.t. variables a(19) = 0.000023115186, a(18) = 0.023103469598 and a(17) = 0.539997616764 (amongst others).
Derivative evaluation error in ct_szerokosc_paska_2(19) (see solve at line 1 in user-defined function section "MainExecution").
Domain error for sqrt( -2.72848410532e-12 ) w.r.t. variables a(19) = 0.000023115186, a(18) = 0.023103469598 and a(17) = 0.539997616764 (amongst others).
Derivative evaluation error in ct_szerokosc_paska_1(19) (see solve at line 1 in user-defined function section "MainExecution").
Domain error for sqrt( -0.0023262271452 ) w.r.t. variables a(18) = 0.023103469598, a(17) = 0.539997616764 and a(16) = 2.585252251432 (amongst others).
Derivative evaluation error in ct_szerokosc_paska_2(19) (see solve at line 1 in user-defined function section "MainExecution").
Domain error for sqrt( -0.00114352184391 ) w.r.t. variables a(19) = 0.000023115186, a(18) = 0.023103469598 and a(17) = 0.539997616764 (amongst others).
Derivative evaluation error in ct_szerokosc_paska_2(19) (see solve at line 1 in user-defined function section "MainExecution").
Domain error for sqrt( -0.000269965855296 ) w.r.t. variables a(19) = 0.000023115186, a(18) = 0.023103469598 and a(17) = 0.539997616764 (amongst others).
Derivative evaluation error in ct_szerokosc_paska_2(19) (see solve at line 1 in user-defined function section "MainExecution").
Domain error for sqrt( -5.15768820151e-05 ) w.r.t. variables a(19) = 0.000023115186, a(18) = 0.023103469598 and a(17) = 0.539997616764 (amongst others).
Derivative evaluation error in ct_szerokosc_paska_2(19) (see solve at line 1 in user-defined function section "MainExecution").
Domain error for sqrt( -1.51787203322e-05 ) w.r.t. variables a(19) = 0.000023115186, a(18) = 0.023103469598 and a(17) = 0.539997616764 (amongst others).
Derivative evaluation error in ct_szerokosc_paska_2(19) (see solve at line 1 in user-defined function section "MainExecution").
Domain error for sqrt( -1.52941038323e-06 ) w.r.t. variables a(19) = 0.000023115186, a(18) = 0.023103469598 and a(17) = 0.539997616764 (amongst others).
Derivative evaluation error in ct_szerokosc_paska_1(19) (see solve at line 1 in user-defined function section "MainExecution").
Domain error for sqrt( -0.00230805349156 ) w.r.t. variables a(18) = 0.023103469598, a(17) = 0.539997616764 and a(16) = 2.585252251432 (amongst others).
Derivative evaluation error in ct_szerokosc_paska_2(19) (see solve at line 1 in user-defined function section "MainExecution").
Domain error for sqrt( -0.00115265734939 ) w.r.t. variables a(19) = 0.000023115186, a(18) = 0.023103469598 and a(17) = 0.539997616764 (amongst others).
Derivative evaluation error in ct_szerokosc_paska_2(19) (see solve at line 1 in user-defined function section "MainExecution").
Domain error for sqrt( -0.000285928647827 ) w.r.t. variables a(19) = 0.000023115186, a(18) = 0.023103469598 and a(17) = 0.539997616764 (amongst others).
Derivative evaluation error in ct_szerokosc_paska_2(19) (see solve at line 1 in user-defined function section "MainExecution").
Domain error for sqrt( -6.92464955137e-05 ) w.r.t. variables a(19) = 0.000023115186, a(18) = 0.023103469598 and a(17) = 0.539997616764 (amongst others).
Derivative evaluation error in ct_szerokosc_paska_2(19) (see solve at line 1 in user-defined function section "MainExecution").
Domain error for sqrt( -1.50759587996e-05 ) w.r.t. variables a(19) = 0.000023115186, a(18) = 0.023103469598 and a(17) = 0.539997616764 (amongst others).
Derivative evaluation error in ct_szerokosc_paska_2(19) (see solve at line 1 in user-defined function section "MainExecution").
Domain error for sqrt( -1.53332575792e-06 ) w.r.t. variables a(19) = 0.000023115186, a(18) = 0.023103469598 and a(17) = 0.539997616764 (amongst others).
Derivative evaluation error in ct_szerokosc_paska_2(19) (see solve at line 1 in user-defined function section "MainExecution").
Domain error for sqrt( -1.02377725852e-07 ) w.r.t. variables a(19) = 0.000023115186, a(18) = 0.023103469598 and a(17) = 0.539997616764 (amongst others).
Derivative evaluation error in ct_szerokosc_paska_2(19) (see solve at line 1 in user-defined function section "MainExecution").
Domain error for sqrt( -2.72848410532e-12 ) w.r.t. variables a(19) = 0.000023115186, a(18) = 0.023103469598 and a(17) = 0.539997616764 (amongst others).
Derivative evaluation error in ct_szerokosc_paska_1(19) (see solve at line 1 in user-defined function section "MainExecution").
Domain error for sqrt( -0.0023262271452 ) w.r.t. variables a(18) = 0.023103469598, a(17) = 0.539997616764 and a(16) = 2.585252251432 (amongst others).
Derivative evaluation error in ct_szerokosc_paska_2(19) (see solve at line 1 in user-defined function section "MainExecution").
Domain error for sqrt( -0.00114352184255 ) w.r.t. variables a(19) = 0.000023115186, a(18) = 0.023103469598 and a(17) = 0.539997616764 (amongst others).
Derivative evaluation error in ct_szerokosc_paska_2(19) (see solve at line 1 in user-defined function section "MainExecution").
Domain error for sqrt( -0.000269965855296 ) w.r.t. variables a(19) = 0.000023115186, a(18) = 0.023103469598 and a(17) = 0.539997616764 (amongst others).
Derivative evaluation error in ct_szerokosc_paska_2(19) (see solve at line 1 in user-defined function section "MainExecution").
Domain error for sqrt( -5.15768820151e-05 ) w.r.t. variables a(19) = 0.000023115186, a(18) = 0.023103469598 and a(17) = 0.539997616764 (amongst others).
Derivative evaluation error in ct_szerokosc_paska_2(19) (see solve at line 1 in user-defined function section "MainExecution").
Domain error for sqrt( -1.51787203322e-05 ) w.r.t. variables a(19) = 0.000023115186, a(18) = 0.023103469598 and a(17) = 0.539997616764 (amongst others).
Derivative evaluation error in ct_szerokosc_paska_2(19) (see solve at line 1 in user-defined function section "MainExecution").
Domain error for sqrt( -1.52940901899e-06 ) w.r.t. variables a(19) = 0.000023115186, a(18) = 0.023103469598 and a(17) = 0.539997616764 (amongst others).
Derivative evaluation error in ct_szerokosc_paska_1(19) (see solve at line 1 in user-defined function section "MainExecution").
Domain error for sqrt( -0.00230805349156 ) w.r.t. variables a(18) = 0.023103469598, a(17) = 0.539997616764 and a(16) = 2.585252251432 (amongst others).
Derivative evaluation error in ct_szerokosc_paska_2(19) (see solve at line 1 in user-defined function section "MainExecution").
Domain error for sqrt( -0.0011526554681 ) w.r.t. variables a(19) = 0.000023115186, a(18) = 0.023103469598 and a(17) = 0.539997616764 (amongst others).
Derivative evaluation error in ct_szerokosc_paska_2(19) (see solve at line 1 in user-defined function section "MainExecution").
Domain error for sqrt( -0.000285926294509 ) w.r.t. variables a(19) = 0.000023115186, a(18) = 0.023103469598 and a(17) = 0.539997616764 (amongst others).
Derivative evaluation error in ct_szerokosc_paska_2(19) (see solve at line 1 in user-defined function section "MainExecution").
Domain error for sqrt( -6.92440244165e-05 ) w.r.t. variables a(19) = 0.000023115186, a(18) = 0.023103469598 and a(17) = 0.539997616764 (amongst others).
Derivative evaluation error in ct_szerokosc_paska_2(19) (see solve at line 1 in user-defined function section "MainExecution").
Domain error for sqrt( -1.50734595081e-05 ) w.r.t. variables a(19) = 0.000023115186, a(18) = 0.023103469598 and a(17) = 0.539997616764 (amongst others).
Derivative evaluation error in ct_szerokosc_paska_2(19) (see solve at line 1 in user-defined function section "MainExecution").
Domain error for sqrt( -1.53081737153e-06 ) w.r.t. variables a(19) = 0.000023115186, a(18) = 0.023103469598 and a(17) = 0.539997616764 (amongst others).
Derivative evaluation error in ct_szerokosc_paska_2(19) (see solve at line 1 in user-defined function section "MainExecution").
Domain error for sqrt( -9.98684299702e-08 ) w.r.t. variables a(19) = 0.000023115186, a(18) = 0.023103469598 and a(17) = 0.539997616764 (amongst others).
Derivative evaluation error in ct_szerokosc_paska_2(19) (see solve at line 1 in user-defined function section "MainExecution").
Domain error for sqrt( -2.72848410532e-12 ) w.r.t. variables a(19) = 0.000023115186, a(18) = 0.023103469598 and a(17) = 0.539997616764 (amongst others).
Derivative evaluation error in ct_szerokosc_paska_1(19) (see solve at line 1 in user-defined function section "MainExecution").
Domain error for sqrt( -0.0022914605247 ) w.r.t. variables a(18) = 0.023103469598, a(17) = 0.539997616764 and a(16) = 2.585252251432 (amongst others).
Derivative evaluation error in ct_szerokosc_paska_2(19) (see solve at line 1 in user-defined function section "MainExecution").
Domain error for sqrt( -0.00113483019049 ) w.r.t. variables a(19) = 0.000023115186, a(18) = 0.023103469598 and a(17) = 0.539997616764 (amongst others).
Derivative evaluation error in ct_szerokosc_paska_2(19) (see solve at line 1 in user-defined function section "MainExecution").
Domain error for sqrt( -0.000267792943305 ) w.r.t. variables a(19) = 0.000023115186, a(18) = 0.023103469598 and a(17) = 0.539997616764 (amongst others).
Derivative evaluation error in ct_szerokosc_paska_2(19) (see solve at line 1 in user-defined function section "MainExecution").
Domain error for sqrt( -5.10336535626e-05 ) w.r.t. variables a(19) = 0.000023115186, a(18) = 0.023103469598 and a(17) = 0.539997616764 (amongst others).
Derivative evaluation error in ct_szerokosc_paska_2(19) (see solve at line 1 in user-defined function section "MainExecution").
Domain error for sqrt( -1.49071070155e-05 ) w.r.t. variables a(19) = 0.000023115186, a(18) = 0.023103469598 and a(17) = 0.539997616764 (amongst others).
Derivative evaluation error in ct_szerokosc_paska_2(19) (see solve at line 1 in user-defined function section "MainExecution").
Domain error for sqrt( -1.3596518329e-06 ) w.r.t. variables a(19) = 0.000023115186, a(18) = 0.023103469598 and a(17) = 0.539997616764 (amongst others).
Derivative evaluation error in ct_szerokosc_paska_1(19) (see solve at line 1 in user-defined function section "MainExecution").
Domain error for sqrt( -0.0022914662386 ) w.r.t. variables a(18) = 0.023103469598, a(17) = 0.539997616764 and a(16) = 2.585252251432 (amongst others).
Derivative evaluation error in ct_szerokosc_paska_2(19) (see solve at line 1 in user-defined function section "MainExecution").
Domain error for sqrt( -0.00114840507285 ) w.r.t. variables a(19) = 0.000023115186, a(18) = 0.023103469598 and a(17) = 0.539997616764 (amongst others).
Derivative evaluation error in ct_szerokosc_paska_2(19) (see solve at line 1 in user-defined function section "MainExecution").
Domain error for sqrt( -0.000284760113573 ) w.r.t. variables a(19) = 0.000023115186, a(18) = 0.023103469598 and a(17) = 0.539997616764 (amongst others).
Derivative evaluation error in ct_szerokosc_paska_2(19) (see solve at line 1 in user-defined function section "MainExecution").
Domain error for sqrt( -6.88488971718e-05 ) w.r.t. variables a(19) = 0.000023115186, a(18) = 0.023103469598 and a(17) = 0.539997616764 (amongst others).
Derivative evaluation error in ct_szerokosc_paska_2(19) (see solve at line 1 in user-defined function section "MainExecution").
Domain error for sqrt( -1.48710937538e-05 ) w.r.t. variables a(19) = 0.000023115186, a(18) = 0.023103469598 and a(17) = 0.539997616764 (amongst others).
Derivative evaluation error in ct_szerokosc_paska_2(19) (see solve at line 1 in user-defined function section "MainExecution").
Domain error for sqrt( -1.37664392241e-06 ) w.r.t. variables a(19) = 0.000023115186, a(18) = 0.023103469598 and a(17) = 0.539997616764 (amongst others).
Derivative evaluation error in ct_szerokosc_paska_2(19) (see solve at line 1 in user-defined function section "MainExecution").
Domain error for sqrt( -4.88259502163e-07 ) w.r.t. variables a(19) = 0.000023115186, a(18) = 0.023103469598 and a(17) = 0.539997616764 (amongst others).
Derivative evaluation error in ct_szerokosc_paska_2(19) (see solve at line 1 in user-defined function section "MainExecution").
Domain error for sqrt( -2.72848410532e-12 ) w.r.t. variables a(19) = 0.000023115186, a(18) = 0.023103469598 and a(17) = 0.539997616764 (amongst others).
Derivative evaluation error in ct_szerokosc_paska_1(19) (see solve at line 1 in user-defined function section "MainExecution").
Domain error for sqrt( -6.2831620653e-05 ) w.r.t. variables a(18) = 0.023103469598, a(17) = 0.539997616764 and a(16) = 2.585252251432 (amongst others).
Derivative evaluation error in ct_szerokosc_paska_2(19) (see solve at line 1 in user-defined function section "MainExecution").
Domain error for sqrt( -0.000577672999952 ) w.r.t. variables a(19) = 0.000023115186, a(18) = 0.023103469598 and a(17) = 0.539997616764 (amongst others).
Derivative evaluation error in ct_szerokosc_paska_2(19) (see solve at line 1 in user-defined function section "MainExecution").
Domain error for sqrt( -0.000128503663291 ) w.r.t. variables a(19) = 0.000023115186, a(18) = 0.023103469598 and a(17) = 0.539997616764 (amongst others).
Derivative evaluation error in ct_szerokosc_paska_2(19) (see solve at line 1 in user-defined function section "MainExecution").
Domain error for sqrt( -1.62113351507e-05 ) w.r.t. variables a(19) = 0.000023115186, a(18) = 0.023103469598 and a(17) = 0.539997616764 (amongst others).
Derivative evaluation error in ct_szerokosc_paska_2(19) (see solve at line 1 in user-defined function section "MainExecution").
Domain error for sqrt( -4.34625508205e-06 ) w.r.t. variables a(19) = 0.000023115186, a(18) = 0.023103469598 and a(17) = 0.539997616764 (amongst others).
Derivative evaluation error in ct_szerokosc_paska_1(19) (see solve at line 1 in user-defined function section "MainExecution").
Domain error for sqrt( -6.28346788289e-05 ) w.r.t. variables a(18) = 0.023103469598, a(17) = 0.539997616764 and a(16) = 2.585252251432 (amongst others).
Derivative evaluation error in ct_szerokosc_paska_2(19) (see solve at line 1 in user-defined function section "MainExecution").
Domain error for sqrt( -0.000591734713453 ) w.r.t. variables a(19) = 0.000023115186, a(18) = 0.023103469598 and a(17) = 0.539997616764 (amongst others).
Derivative evaluation error in ct_szerokosc_paska_2(19) (see solve at line 1 in user-defined function section "MainExecution").
Domain error for sqrt( -0.000146080036757 ) w.r.t. variables a(19) = 0.000023115186, a(18) = 0.023103469598 and a(17) = 0.539997616764 (amongst others).
Derivative evaluation error in ct_szerokosc_paska_2(19) (see solve at line 1 in user-defined function section "MainExecution").
Domain error for sqrt( -3.46663741766e-05 ) w.r.t. variables a(19) = 0.000023115186, a(18) = 0.023103469598 and a(17) = 0.539997616764 (amongst others).
Derivative evaluation error in ct_szerokosc_paska_2(19) (see solve at line 1 in user-defined function section "MainExecution").
Domain error for sqrt( -6.81295932736e-06 ) w.r.t. variables a(19) = 0.000023115186, a(18) = 0.023103469598 and a(17) = 0.539997616764 (amongst others).
Derivative evaluation error in ct_szerokosc_paska_2(19) (see solve at line 1 in user-defined function section "MainExecution").
Domain error for sqrt( -2.17072374653e-06 ) w.r.t. variables a(19) = 0.000023115186, a(18) = 0.023103469598 and a(17) = 0.539997616764 (amongst others).
Derivative evaluation error in ct_szerokosc_paska_2(19) (see solve at line 1 in user-defined function section "MainExecution").
Domain error for sqrt( -4.29885403719e-07 ) w.r.t. variables a(19) = 0.000023115186, a(18) = 0.023103469598 and a(17) = 0.539997616764 (amongst others).
Derivative evaluation error in ct_szerokosc_paska_2(19) (see solve at line 1 in user-defined function section "MainExecution").
Domain error for sqrt( -2.72848410532e-12 ) w.r.t. variables a(19) = 0.000023115186, a(18) = 0.023103469598 and a(17) = 0.539997616764 (amongst others).
Derivative evaluation error in ct_szerokosc_paska_2(19) (see solve at line 1 in user-defined function section "MainExecution").
Domain error for sqrt( -0.000145513009556 ) w.r.t. variables a(19) = 0.000023115186, a(18) = 0.023103469598 and a(17) = 0.539997616764 (amongst others).
Derivative evaluation error in ct_szerokosc_paska_2(19) (see solve at line 1 in user-defined function section "MainExecution").
Domain error for sqrt( -2.0486608264e-05 ) w.r.t. variables a(19) = 0.000023115186, a(18) = 0.023103469598 and a(17) = 0.539997616764 (amongst others).
Derivative evaluation error in ct_szerokosc_paska_2(19) (see solve at line 1 in user-defined function section "MainExecution").
Domain error for sqrt( -7.2760144576e-06 ) w.r.t. variables a(19) = 0.000023115186, a(18) = 0.023103469598 and a(17) = 0.539997616764 (amongst others).
Derivative evaluation error in ct_szerokosc_paska_2(19) (see solve at line 1 in user-defined function section "MainExecution").
Domain error for sqrt( -0.000145511420669 ) w.r.t. variables a(19) = 0.000023115186, a(18) = 0.023103469598 and a(17) = 0.539997616764 (amongst others).
Derivative evaluation error in ct_szerokosc_paska_2(19) (see solve at line 1 in user-defined function section "MainExecution").
Domain error for sqrt( -3.61360889656e-05 ) w.r.t. variables a(19) = 0.000023115186, a(18) = 0.023103469598 and a(17) = 0.539997616764 (amongst others).
Derivative evaluation error in ct_szerokosc_paska_2(19) (see solve at line 1 in user-defined function section "MainExecution").
Domain error for sqrt( -8.7922558123e-06 ) w.r.t. variables a(19) = 0.000023115186, a(18) = 0.023103469598 and a(17) = 0.539997616764 (amongst others).
Derivative evaluation error in ct_szerokosc_paska_2(19) (see solve at line 1 in user-defined function section "MainExecution").
Domain error for sqrt( -1.95629763766e-06 ) w.r.t. variables a(19) = 0.000023115186, a(18) = 0.023103469598 and a(17) = 0.539997616764 (amongst others).
Derivative evaluation error in ct_szerokosc_paska_2(19) (see solve at line 1 in user-defined function section "MainExecution").
Domain error for sqrt( -2.47308889811e-07 ) w.r.t. variables a(19) = 0.000023115186, a(18) = 0.023103469598 and a(17) = 0.539997616764 (amongst others).
Derivative evaluation error in ct_szerokosc_paska_2(19) (see solve at line 1 in user-defined function section "MainExecution").
Domain error for sqrt( -6.67314452585e-08 ) w.r.t. variables a(19) = 0.000023115186, a(18) = 0.023103469598 and a(17) = 0.539997616764 (amongst others).
Derivative evaluation error in ct_szerokosc_paska_2(19) (see solve at line 1 in user-defined function section "MainExecution").
Domain error for sqrt( -2.72848410532e-12 ) w.r.t. variables a(19) = 0.007361425273, a(18) = 0.023103469598 and a(17) = 0.541369163303 (amongst others).
Derivative evaluation error in ct_szerokosc_paska_2(19) (see solve at line 1 in user-defined function section "MainExecution").
Domain error for sqrt( -2.72848410532e-12 ) w.r.t. variables a(19) = 0.007361425273, a(18) = 0.023103469598 and a(17) = 0.541369163303 (amongst others).
Derivative evaluation error in ct_szerokosc_paska_2(19) (see solve at line 1 in user-defined function section "MainExecution").
Domain error for sqrt( -5.8333358993e-05 ) w.r.t. variables a(19) = 4.336808689942e-19, a(18) = 0.025406419773 and a(17) = 0.546428221735 (amongst others).
Derivative evaluation error in ct_szerokosc_paska_2(19) (see solve at line 1 in user-defined function section "MainExecution").
Domain error for sqrt( -5.8333358993e-05 ) w.r.t. variables a(19) = 4.336808689942e-19, a(18) = 0.025406419773 and a(17) = 0.546428221735 (amongst others).
Derivative evaluation error in ct_szerokosc_paska_2(19) (see solve at line 1 in user-defined function section "MainExecution").
Domain error for sqrt( -2.76375430985e-07 ) w.r.t. variables a(19) = 0.000234816785, a(18) = 0.025200178539 and a(17) = 0.546399065614 (amongst others).
Derivative evaluation error in ct_szerokosc_paska_2(19) (see solve at line 1 in user-defined function section "MainExecution").
Domain error for sqrt( -4.15601698478e-06 ) w.r.t. variables a(19) = 0, a(18) = 0.025406707892 and a(17) = 0.546427391842 (amongst others).
Derivative evaluation error in ct_szerokosc_paska_2(19) (see solve at line 1 in user-defined function section "MainExecution").
Domain error for sqrt( -4.15601698478e-06 ) w.r.t. variables a(19) = 0, a(18) = 0.025406707892 and a(17) = 0.546427391842 (amongst others).
OCTERACT error: [json.exception.parse_error.101] parse error at line 1, column 1: syntax error while parsing value - unexpected end of input; expected '[', '{', or a literal
Warning: Model status 13: Error no solution, Solver status 9: Error: Setup failure.
Warning at line 1 in user-defined function section "MainExecution":
Model status 13: Error no solution, Solver status 9: Error: Setup failure.
OCTERACT error: [json.exception.parse_error.101] parse error at line 1, column 1: syntax error while parsing value - unexpected end of input; expected '[', '{', or a literal
Warning: Model status 13: Error no solution, Solver status 9: Error: Setup failure.
Warning at line 1 in user-defined function section "MainExecution":
Model status 13: Error no solution, Solver status 9: Error: Setup failure.
OCTERACT error: [json.exception.parse_error.101] parse error at line 1, column 1: syntax error while parsing value - unexpected end of input; expected '[', '{', or a literal
Warning: Model status 13: Error no solution, Solver status 9: Error: Setup failure.
Warning at line 1 in user-defined function section "MainExecution":
Model status 13: Error no solution, Solver status 9: Error: Setup failure.
The mandatory attribute "definition" is missing from constraint "ct_szerokosc_paska_2".
The mandatory attribute "definition" is missing from constraint "ct_szerokosc_paska_2".
The mandatory attribute "definition" is missing from constraint "ct_szerokosc_paska_2".
OCTERACT error: [json.exception.parse_error.101] parse error at line 1, column 1: syntax error while parsing value - unexpected end of input; expected '[', '{', or a literal
Warning: Model status 13: Error no solution, Solver status 9: Error: Setup failure.
Warning at line 1 in user-defined function section "MainExecution":
Model status 13: Error no solution, Solver status 9: Error: Setup failure.
Derivative evaluation error in ct_szerokosc_paska_2(19) (see solve at line 1 in user-defined function section "MainExecution").
Domain error for sqrt( -2.72848410532e-12 ) w.r.t. variables a(19) = 1.363636363636, a(18) = 1.363636363636 and a(17) = 1.363636363636 (amongst others).
Derivative evaluation error in ct_szerokosc_paska_2(19) (see solve at line 1 in user-defined function section "MainExecution").
Domain error for sqrt( -5.91171556152e-12 ) w.r.t. variables a(19) = 1.345199347834, a(18) = 1.345199347834 and a(17) = 1.345199347834 (amongst others).
Derivative evaluation error in ct_szerokosc_paska_2(19) (see solve at line 1 in user-defined function section "MainExecution").
Domain error for sqrt( -5.91171556152e-12 ) w.r.t. variables a(19) = 1.345199347834, a(18) = 1.345199347834 and a(17) = 1.345199347834 (amongst others).
Derivative evaluation error in ct_szerokosc_paska_2(19) (see solve at line 1 in user-defined function section "MainExecution").
Domain error for sqrt( -8.64019966684e-12 ) w.r.t. variables a(19) = 1.345199347834, a(18) = 1.345199347834 and a(17) = 1.345199347834 (amongst others).
Derivative evaluation error in ct_szerokosc_paska_2(19) (see solve at line 1 in user-defined function section "MainExecution").
Domain error for sqrt( -4.09272615798e-12 ) w.r.t. variables a(19) = 3.942853785675, a(18) = 1.363636363636 and a(17) = 1.345199347834 (amongst others).
Derivative evaluation error in ct_szerokosc_paska_2(19) (see solve at line 1 in user-defined function section "MainExecution").
Domain error for sqrt( -4.09272615798e-12 ) w.r.t. variables a(19) = 3.942853785675, a(18) = 1.363636363636 and a(17) = 1.345199347834 (amongst others).
Derivative evaluation error in ct_szerokosc_paska_2(19) (see solve at line 1 in user-defined function section "MainExecution").
Domain error for sqrt( -2.35123607126e-05 ) w.r.t. variables a(19) = 0.042882789044, a(18) = 0.739933327048 and a(17) = 0.566076602205 (amongst others).
Derivative evaluation error in ct_szerokosc_paska_2(19) (see solve at line 1 in user-defined function section "MainExecution").
Domain error for sqrt( -4.89591943733e-05 ) w.r.t. variables a(19) = 0.007282981231, a(18) = 0.282891968956 and a(17) = 0.566076602205 (amongst others).
Derivative evaluation error in ct_szerokosc_paska_2(19) (see solve at line 1 in user-defined function section "MainExecution").
Domain error for sqrt( -4.89591943733e-05 ) w.r.t. variables a(19) = 0.007282981231, a(18) = 0.282891968956 and a(17) = 0.566076602205 (amongst others).
Derivative evaluation error in ct_szerokosc_paska_2(19) (see solve at line 1 in user-defined function section "MainExecution").
Domain error for sqrt( -1.9486858946e-05 ) w.r.t. variables a(19) = 0.004793240024, a(18) = 0.215678722383 and a(17) = 0.589430521794 (amongst others).
Derivative evaluation error in ct_szerokosc_paska_2(19) (see solve at line 1 in user-defined function section "MainExecution").
Domain error for sqrt( -1.9486858946e-05 ) w.r.t. variables a(19) = 0.004793240024, a(18) = 0.215678722383 and a(17) = 0.589430521794 (amongst others).
Derivative evaluation error in ct_szerokosc_paska_2(19) (see solve at line 1 in user-defined function section "MainExecution").
Domain error for sqrt( -2.2628334591e-05 ) w.r.t. variables a(19) = 0.003083834013, a(18) = 0.204176416701 and a(17) = 0.605579298032 (amongst others).
Derivative evaluation error in ct_szerokosc_paska_2(19) (see solve at line 1 in user-defined function section "MainExecution").
Domain error for sqrt( -2.2628334591e-05 ) w.r.t. variables a(19) = 0.003083834013, a(18) = 0.204176416701 and a(17) = 0.605579298032 (amongst others).
Derivative evaluation error in ct_szerokosc_paska_2(19) (see solve at line 1 in user-defined function section "MainExecution").
Domain error for sqrt( -3.99069481318e-05 ) w.r.t. variables a(19) = 0, a(18) = 0.079774966222 and a(17) = 0.733744877721 (amongst others).
Derivative evaluation error in ct_szerokosc_paska_2(19) (see solve at line 1 in user-defined function section "MainExecution").
Domain error for sqrt( -3.99069481318e-05 ) w.r.t. variables a(19) = 0, a(18) = 0.079774966222 and a(17) = 0.733744877721 (amongst others).
Derivative evaluation error in ct_szerokosc_paska_2(19) (see solve at line 1 in user-defined function section "MainExecution").
Domain error for sqrt( -1.41796044772e-06 ) w.r.t. variables a(19) = 0.000184101449, a(18) = 0.054902466062 and a(17) = 0.723316126895 (amongst others).
Derivative evaluation error in ct_szerokosc_paska_2(19) (see solve at line 1 in user-defined function section "MainExecution").
Domain error for sqrt( -1.41796044772e-06 ) w.r.t. variables a(19) = 0.000184101449, a(18) = 0.054902466062 and a(17) = 0.723316126895 (amongst others).
Derivative evaluation error in ct_szerokosc_paska_2(19) (see solve at line 1 in user-defined function section "MainExecution").
Domain error for sqrt( -1.09288157546e-06 ) w.r.t. variables a(19) = 0.000250655108, a(18) = 0.054902466062 and a(17) = 0.723393120784 (amongst others).
Derivative evaluation error in ct_szerokosc_paska_2(19) (see solve at line 1 in user-defined function section "MainExecution").
Domain error for sqrt( -1.28001374833e-07 ) w.r.t. variables a(19) = 0.000033696811, a(18) = 0.026300289830 and a(17) = 0.574179064868 (amongst others).
Derivative evaluation error in ct_szerokosc_paska_2(19) (see solve at line 1 in user-defined function section "MainExecution").
Domain error for sqrt( -1.28001374833e-07 ) w.r.t. variables a(19) = 0.000033696811, a(18) = 0.026300289830 and a(17) = 0.574179064868 (amongst others).
Derivative evaluation error in ct_szerokosc_paska_2(19) (see solve at line 1 in user-defined function section "MainExecution").
Domain error for sqrt( -7.98027031124e-08 ) w.r.t. variables a(19) = 0.000051316735, a(18) = 0.024864873595 and a(17) = 0.541127839459 (amongst others).
Derivative evaluation error in ct_szerokosc_paska_2(19) (see solve at line 1 in user-defined function section "MainExecution").
Domain error for sqrt( -4.51623236586e-08 ) w.r.t. variables a(19) = 0.000060617201, a(18) = 0.026515983545 and a(17) = 0.558517831653 (amongst others).
Derivative evaluation error in ct_szerokosc_paska_2(19) (see solve at line 1 in user-defined function section "MainExecution").
Domain error for sqrt( -1.36424205266e-12 ) w.r.t. variables a(19) = 0.031596513235, a(18) = 0.585784431943 and a(17) = 0.667350059186 (amongst others).
Derivative evaluation error in ct_szerokosc_paska_2(19) (see solve at line 1 in user-defined function section "MainExecution").
Domain error for sqrt( -1.36424205266e-12 ) w.r.t. variables a(19) = 0.031596513235, a(18) = 0.585784431943 and a(17) = 0.667350059186 (amongst others).
Derivative evaluation error in ct_szerokosc_paska_2(19) (see solve at line 1 in user-defined function section "MainExecution").
Domain error for sqrt( -3.41060513165e-11 ) w.r.t. variables a(19) = 0, a(18) = 0.585784431943 and a(17) = 0.667350059186 (amongst others).
Derivative evaluation error in ct_szerokosc_paska_2(19) (see solve at line 1 in user-defined function section "MainExecution").
Domain error for sqrt( -2.72848410532e-12 ) w.r.t. variables a(19) = 0.000000400451, a(18) = 0.229541098018 and a(17) = 0.667350059186 (amongst others).
Derivative evaluation error in ct_szerokosc_paska_2(19) (see solve at line 1 in user-defined function section "MainExecution").
Domain error for sqrt( -5.6020626289e-06 ) w.r.t. variables a(19) = 2.471980953267e-17, a(18) = 0.048833027290 and a(17) = 0.729984844367 (amongst others).
Derivative evaluation error in ct_szerokosc_paska_2(19) (see solve at line 1 in user-defined function section "MainExecution").
Domain error for sqrt( -5.6020626289e-06 ) w.r.t. variables a(19) = 2.471980953267e-17, a(18) = 0.048833027290 and a(17) = 0.729984844367 (amongst others).
Derivative evaluation error in ct_szerokosc_paska_2(19) (see solve at line 1 in user-defined function section "MainExecution").
Domain error for sqrt( -2.01379407372e-07 ) w.r.t. variables a(19) = 0.000110490090, a(18) = 0.042119875282 and a(17) = 0.723240947742 (amongst others).
Derivative evaluation error in ct_szerokosc_paska_2(19) (see solve at line 1 in user-defined function section "MainExecution").
Domain error for sqrt( -7.9874689618e-07 ) w.r.t. variables a(19) = 0.000278175091, a(18) = 0.057183967015 and a(17) = 0.713006090408 (amongst others).
Derivative evaluation error in ct_szerokosc_paska_2(19) (see solve at line 1 in user-defined function section "MainExecution").
Domain error for sqrt( -1.39996109283e-06 ) w.r.t. variables a(19) = 0, a(18) = 0.034530695346 and a(17) = 0.676348360673 (amongst others).
Derivative evaluation error in ct_szerokosc_paska_2(19) (see solve at line 1 in user-defined function section "MainExecution").
Domain error for sqrt( -1.39996109283e-06 ) w.r.t. variables a(19) = 0, a(18) = 0.034530695346 and a(17) = 0.676348360673 (amongst others).
Derivative evaluation error in ct_szerokosc_paska_2(19) (see solve at line 1 in user-defined function section "MainExecution").
Domain error for sqrt( -5.34955688636e-08 ) w.r.t. variables a(19) = 0.000118841099, a(18) = 0.040343107375 and a(17) = 0.640412373909 (amongst others).
Derivative evaluation error in ct_szerokosc_paska_2(19) (see solve at line 1 in user-defined function section "MainExecution").
Domain error for sqrt( -5.04513964188e-05 ) w.r.t. variables a(19) = 0.001722919251, a(18) = 0.160657245493 and a(17) = 1.279062732144 (amongst others).
Derivative evaluation error in ct_szerokosc_paska_2(19) (see solve at line 1 in user-defined function section "MainExecution").
Domain error for sqrt( -5.04513964188e-05 ) w.r.t. variables a(19) = 0.001722919251, a(18) = 0.160657245493 and a(17) = 1.279062732144 (amongst others).
Derivative evaluation error in ct_szerokosc_paska_2(19) (see solve at line 1 in user-defined function section "MainExecution").
Domain error for sqrt( -1.51078438648e-07 ) w.r.t. variables a(19) = 0.000101053156, a(18) = 0.035272212420 and a(17) = 0.644881842153 (amongst others).
Derivative evaluation error in ct_szerokosc_paska_2(19) (see solve at line 1 in user-defined function section "MainExecution").
Domain error for sqrt( -1.36965354613e-08 ) w.r.t. variables a(19) = 0.000086860469, a(18) = 0.034257365222 and a(17) = 0.642928274519 (amongst others).
Derivative evaluation error in ct_szerokosc_paska_2(19) (see solve at line 1 in user-defined function section "MainExecution").
Domain error for sqrt( -1.5827936295e-08 ) w.r.t. variables a(19) = 0.000057100566, a(18) = 0.025865689865 and a(17) = 0.551911358189 (amongst others).
Derivative evaluation error in ct_szerokosc_paska_2(19) (see solve at line 1 in user-defined function section "MainExecution").
Domain error for sqrt( -3.02753960568e-07 ) w.r.t. variables a(19) = 0, a(18) = 0.023547788011 and a(17) = 0.558365863062 (amongst others).
Derivative evaluation error in ct_szerokosc_paska_2(19) (see solve at line 1 in user-defined function section "MainExecution").
Domain error for sqrt( -3.02753960568e-07 ) w.r.t. variables a(19) = 0, a(18) = 0.023547788011 and a(17) = 0.558365863062 (amongst others).
Derivative evaluation error in ct_szerokosc_paska_2(19) (see solve at line 1 in user-defined function section "MainExecution").
Domain error for sqrt( -1.12836460175e-08 ) w.r.t. variables a(19) = 0.000055255882, a(18) = 0.027508994056 and a(17) = 0.524073005421 (amongst others).
Derivative evaluation error in ct_szerokosc_paska_2(19) (see solve at line 1 in user-defined function section "MainExecution").
Domain error for sqrt( -1.31026354211e-08 ) w.r.t. variables a(19) = 0.000030694607, a(18) = 0.021246397620 and a(17) = 0.508709413708 (amongst others).
Derivative evaluation error in ct_szerokosc_paska_2(19) (see solve at line 1 in user-defined function section "MainExecution").
Domain error for sqrt( -1.31026354211e-08 ) w.r.t. variables a(19) = 0.000030694607, a(18) = 0.021246397620 and a(17) = 0.508709413708 (amongst others).
Derivative evaluation error in ct_szerokosc_paska_2(19) (see solve at line 1 in user-defined function section "MainExecution").
Domain error for sqrt( -9.65064828051e-09 ) w.r.t. variables a(19) = 0.000087098124, a(18) = 0.034144532550 and a(17) = 0.641427685273 (amongst others).
Derivative evaluation error in ct_szerokosc_paska_2(19) (see solve at line 1 in user-defined function section "MainExecution").
Domain error for sqrt( -9.65064828051e-09 ) w.r.t. variables a(19) = 0.000087098124, a(18) = 0.034144532550 and a(17) = 0.641427685273 (amongst others).
Warning: After 93 iterations CONOPT 4.1 terminated and find_max_przychod is still infeasible.
Warning at line 1 in user-defined function section "MainExecution":
After 93 iterations CONOPT 4.1 terminated and find_max_przychod is still infeasible.
Derivative evaluation error in ct_szerokosc_paska_2(19) (see solve at line 1 in user-defined function section "MainExecution").
Domain error for sqrt( -9.65064828051e-09 ) w.r.t. variables a(19) = 0.000087098124, a(18) = 0.034144532550 and a(17) = 0.641427685273 (amongst others).
Derivative evaluation error in ct_szerokosc_paska_2(19) (see solve at line 1 in user-defined function section "MainExecution").
Domain error for sqrt( -9.65064828051e-09 ) w.r.t. variables a(19) = 0.000087098124, a(18) = 0.034144532550 and a(17) = 0.641427685273 (amongst others).
Derivative evaluation error in ct_szerokosc_paska_2(19) (see solve at line 1 in user-defined function section "MainExecution").
Domain error for sqrt( -9.65064828051e-09 ) w.r.t. variables a(19) = 0.000087098124, a(18) = 0.034144532550 and a(17) = 0.641427685273 (amongst others).
Derivative evaluation error in ct_szerokosc_paska_2(19) (see solve at line 1 in user-defined function section "MainExecution").
Domain error for sqrt( -9.65064828051e-09 ) w.r.t. variables a(19) = 0.000087098124, a(18) = 0.034144532550 and a(17) = 0.641427685273 (amongst others).
Derivative evaluation error in ct_szerokosc_paska_2(19) (see solve at line 1 in user-defined function section "MainExecution").
Domain error for sqrt( -9.65064828051e-09 ) w.r.t. variables a(19) = 0.000087098124, a(18) = 0.034144532550 and a(17) = 0.641427685273 (amongst others).
